xrun(64): 18.09-s011: (c) Copyright 1995-2019 Cadence Design Systems, Inc.
TOOL:	xrun(64)	18.09-s011: Started on Mar 03, 2026 at 10:07:38 CST
xrun
	-sv
	-access +rwc
	-timescale 1ns/1ps
	-64bit
	../sv/fir_pkg.sv
	../sv/qarctan.sv
	../sv/fir.sv
	../sv/demodulate.sv
	../sv/multiply.sv
	../sv/deemphasis.sv
	../sv/gain.sv
	../sv/add_sub.sv
	../sv/fm_radio_top.sv
	../sv/fm_radio_top_tb.sv
Loading snapshot worklib.fm_radio_top_tb:sv .................... Done
xmsim: *W,DSEM2009: This SystemVerilog design is simulated as per IEEE 1800-2009 SystemVerilog simulation semantics. Use -disable_sem2009 option for turning off SV 2009 simulation semantics.
xcelium> source /vol/cadence2018/XCELIUM1809/tools/xcelium/files/xmsimrc
xcelium> run
=== FM Radio Top-Level Testbench ===
  Loaded 262144 I samples
  Loaded 262144 Q samples
  Loaded 32768 left golden samples
  Loaded 32768 right golden samples
-------------------------------------------
LEFT  : Checked=32768 Errors=0 PASS
RIGHT : Checked=32768 Errors=0 PASS
===========================================
Simulation complete via $finish(1) at time 2626475 NS + 0
../sv/fm_radio_top_tb.sv:85         $finish;
xcelium> exit
TOOL:	xrun(64)	18.09-s011: Exiting on Mar 03, 2026 at 10:07:49 CST  (total: 00:00:11)
