
Copyright (C) 1994-2018 Synopsys, Inc.
This Synopsys software and all associated documentation are proprietary to Synopsys, Inc.
and may only be used pursuant to the terms and conditions of a written license agreement
with Synopsys, Inc. All other use, reproduction, modification, or distribution of the
Synopsys software or the associated documentation is strictly prohibited.
Tool: Synplify (R) Premier
Build: O-2018.09-SP1
Install: /vol/synopsys/fpga/O-2018.09-SP1
OS: Red Hat Enterprise Linux 8.10 (Ootpa)
Hostname: finagle.wot.ece.northwestern.edu
max virtual memory: unlimited (bytes)
max user processes: 254205
max stack size: 8388608 (bytes)


Implementation : rev_1
Synopsys HDL compiler and linker, Version comp2018q4p1, Build 004R, Built Nov 27 2018 21:19:49

Modified Files: 19
FID:  path (prevtimestamp, timestamp)
0        /home/gel8580/CE387/HW/HW8/imp/sv/argmax.sv (N/A, 2026-03-03 16:13:23)
1        /home/gel8580/CE387/HW/HW8/imp/sv/fifo.sv (N/A, 2026-03-03 15:27:22)
2        /home/gel8580/CE387/HW/HW8/imp/sv/layer.sv (N/A, 2026-03-03 16:59:20)
3        /home/gel8580/CE387/HW/HW8/imp/sv/neuron.sv (N/A, 2026-03-03 16:26:11)
4        /home/gel8580/CE387/HW/HW8/imp/sv/nn_pkg.sv (N/A, 2026-03-03 15:29:53)
5        /home/gel8580/CE387/HW/HW8/imp/sv/nn_top.sv (N/A, 2026-03-03 16:59:22)
6        /home/gel8580/CE387/HW/HW8/imp/syn/rev_1/synwork//distcomp/distcomp0/distcomp0.xmr (N/A, 2026-03-03 16:59:50)
7        /home/gel8580/CE387/HW/HW8/imp/syn/rev_1/synwork//distcomp/distcomp1/distcomp1.xmr (N/A, 2026-03-03 16:59:50)
8        /home/gel8580/CE387/HW/HW8/imp/syn/rev_1/synwork//distcomp/distcomp2/distcomp2.xmr (N/A, 2026-03-03 16:59:50)
9        /vol/synopsys/fpga/O-2018.09-SP1/lib/altera/altera.v (N/A, 2018-11-27 23:10:11)
10       /vol/synopsys/fpga/O-2018.09-SP1/lib/altera/quartus_prime181/altera_lpm.v (N/A, 2018-11-27 23:10:39)
11       /vol/synopsys/fpga/O-2018.09-SP1/lib/altera/quartus_prime181/altera_mf.v (N/A, 2018-11-27 23:10:39)
12       /vol/synopsys/fpga/O-2018.09-SP1/lib/altera/quartus_prime181/altera_primitives.v (N/A, 2018-11-27 23:10:39)
13       /vol/synopsys/fpga/O-2018.09-SP1/lib/altera/quartus_prime181/cycloneive.v (N/A, 2018-11-27 23:10:40)
14       /vol/synopsys/fpga/O-2018.09-SP1/lib/synip/hcei/zceistubs.v (N/A, 2018-11-27 23:12:11)
15       /vol/synopsys/fpga/O-2018.09-SP1/lib/vlog/hypermods.v (N/A, 2018-11-27 23:17:48)
16       /vol/synopsys/fpga/O-2018.09-SP1/lib/vlog/scemi_objects.v (N/A, 2018-11-27 23:17:48)
17       /vol/synopsys/fpga/O-2018.09-SP1/lib/vlog/scemi_pipes.svh (N/A, 2018-11-27 23:17:48)
18       /vol/synopsys/fpga/O-2018.09-SP1/lib/vlog/umr_capim.v (N/A, 2018-08-08 02:43:25)

*******************************************************************
Modules that may have changed as a result of file changes: 5
MID:  lib.cell.view
0        work.argmax.verilog may have changed because the following files changed:
                        /home/gel8580/CE387/HW/HW8/imp/sv/argmax.sv (N/A, 2026-03-03 16:13:23) <-- (module definition)
                        /home/gel8580/CE387/HW/HW8/imp/sv/nn_top.sv (N/A, 2026-03-03 16:59:22) <-- (may instantiate this module)
1        work.fifo.verilog may have changed because the following files changed:
                        /home/gel8580/CE387/HW/HW8/imp/sv/fifo.sv (N/A, 2026-03-03 15:27:22) <-- (module definition)
                        /home/gel8580/CE387/HW/HW8/imp/sv/nn_top.sv (N/A, 2026-03-03 16:59:22) <-- (may instantiate this module)
2        work.layer.verilog may have changed because the following files changed:
                        /home/gel8580/CE387/HW/HW8/imp/sv/layer.sv (N/A, 2026-03-03 16:59:20) <-- (module definition)
                        /home/gel8580/CE387/HW/HW8/imp/sv/nn_top.sv (N/A, 2026-03-03 16:59:22) <-- (may instantiate this module)
3        work.neuron.verilog may have changed because the following files changed:
                        /home/gel8580/CE387/HW/HW8/imp/sv/layer.sv (N/A, 2026-03-03 16:59:20) <-- (may instantiate this module)
                        /home/gel8580/CE387/HW/HW8/imp/sv/neuron.sv (N/A, 2026-03-03 16:26:11) <-- (module definition)
                        /home/gel8580/CE387/HW/HW8/imp/sv/nn_top.sv (N/A, 2026-03-03 16:59:22) <-- (may instantiate this module)
4        work.nn_top.verilog may have changed because the following files changed:
                        /home/gel8580/CE387/HW/HW8/imp/sv/nn_top.sv (N/A, 2026-03-03 16:59:22) <-- (module definition)

*******************************************************************
Unmodified files: 0
FID:  path (timestamp)

*******************************************************************
Unchanged modules: 0
MID:  lib.cell.view
