
Copyright (C) 1994-2018 Synopsys, Inc.
This Synopsys software and all associated documentation are proprietary to Synopsys, Inc.
and may only be used pursuant to the terms and conditions of a written license agreement
with Synopsys, Inc. All other use, reproduction, modification, or distribution of the
Synopsys software or the associated documentation is strictly prohibited.
Tool: Synplify (R) Premier
Build: O-2018.09-SP1
Install: /vol/synopsys/fpga/O-2018.09-SP1
OS: Red Hat Enterprise Linux 8.10 (Ootpa)
Hostname: finagle.wot.ece.northwestern.edu
max virtual memory: unlimited (bytes)
max user processes: 254205
max stack size: 8388608 (bytes)


Implementation : rev_1
Synopsys HDL compiler and linker, Version comp2018q4p1, Build 004R, Built Nov 27 2018 21:19:49

Modified Files: 3
FID:  path (prevtimestamp, timestamp)
3        /home/gel8580/CE387/Final_Project/FM_Radio/imp/sv/fir.sv (2026-03-02 23:09:44, 2026-03-02 23:27:52)
4        /home/gel8580/CE387/Final_Project/FM_Radio/imp/sv/fir_pkg.sv (2026-03-02 16:10:46, 2026-03-02 23:26:53)
5        /home/gel8580/CE387/Final_Project/FM_Radio/imp/sv/fm_radio_top.sv (2026-03-02 23:10:54, 2026-03-02 23:27:54)

*******************************************************************
Modules that may have changed as a result of file changes: 7
MID:  lib.cell.view
0        work.add_sub.verilog may have changed because the following files changed:
                        /home/gel8580/CE387/Final_Project/FM_Radio/imp/sv/fm_radio_top.sv (2026-03-02 23:10:54, 2026-03-02 23:27:54) <-- (may instantiate this module)
1        work.deemphasis.verilog may have changed because the following files changed:
                        /home/gel8580/CE387/Final_Project/FM_Radio/imp/sv/fm_radio_top.sv (2026-03-02 23:10:54, 2026-03-02 23:27:54) <-- (may instantiate this module)
2        work.demodulate.verilog may have changed because the following files changed:
                        /home/gel8580/CE387/Final_Project/FM_Radio/imp/sv/fm_radio_top.sv (2026-03-02 23:10:54, 2026-03-02 23:27:54) <-- (may instantiate this module)
3        work.fir.verilog may have changed because the following files changed:
                        /home/gel8580/CE387/Final_Project/FM_Radio/imp/sv/fir.sv (2026-03-02 23:09:44, 2026-03-02 23:27:52) <-- (module definition)
                        /home/gel8580/CE387/Final_Project/FM_Radio/imp/sv/fm_radio_top.sv (2026-03-02 23:10:54, 2026-03-02 23:27:54) <-- (may instantiate this module)
4        work.fm_radio_top.verilog may have changed because the following files changed:
                        /home/gel8580/CE387/Final_Project/FM_Radio/imp/sv/fm_radio_top.sv (2026-03-02 23:10:54, 2026-03-02 23:27:54) <-- (module definition)
5        work.gain.verilog may have changed because the following files changed:
                        /home/gel8580/CE387/Final_Project/FM_Radio/imp/sv/fm_radio_top.sv (2026-03-02 23:10:54, 2026-03-02 23:27:54) <-- (may instantiate this module)
6        work.multiply.verilog may have changed because the following files changed:
                        /home/gel8580/CE387/Final_Project/FM_Radio/imp/sv/fm_radio_top.sv (2026-03-02 23:10:54, 2026-03-02 23:27:54) <-- (may instantiate this module)

*******************************************************************
Unmodified files: 17
FID:  path (timestamp)
0        /home/gel8580/CE387/Final_Project/FM_Radio/imp/sv/add_sub.sv (2026-03-02 15:28:58)
1        /home/gel8580/CE387/Final_Project/FM_Radio/imp/sv/deemphasis.sv (2026-03-02 23:08:01)
2        /home/gel8580/CE387/Final_Project/FM_Radio/imp/sv/demodulate.sv (2026-03-02 23:02:32)
6        /home/gel8580/CE387/Final_Project/FM_Radio/imp/sv/gain.sv (2026-03-02 16:13:08)
7        /home/gel8580/CE387/Final_Project/FM_Radio/imp/sv/multiply.sv (2026-03-02 16:13:14)
8        /home/gel8580/CE387/Final_Project/FM_Radio/imp/sv/qarctan.sv (2026-03-02 16:13:16)
9        /home/gel8580/CE387/Final_Project/FM_Radio/imp/syn/rev_1/synwork//distcomp/distcomp0/distcomp0.xmr (2026-03-02 15:54:45)
10       /vol/synopsys/fpga/O-2018.09-SP1/lib/altera/altera.v (2018-11-27 23:10:11)
11       /vol/synopsys/fpga/O-2018.09-SP1/lib/altera/quartus_prime181/altera_lpm.v (2018-11-27 23:10:39)
12       /vol/synopsys/fpga/O-2018.09-SP1/lib/altera/quartus_prime181/altera_mf.v (2018-11-27 23:10:39)
13       /vol/synopsys/fpga/O-2018.09-SP1/lib/altera/quartus_prime181/altera_primitives.v (2018-11-27 23:10:39)
14       /vol/synopsys/fpga/O-2018.09-SP1/lib/altera/quartus_prime181/cycloneive.v (2018-11-27 23:10:40)
15       /vol/synopsys/fpga/O-2018.09-SP1/lib/synip/hcei/zceistubs.v (2018-11-27 23:12:11)
16       /vol/synopsys/fpga/O-2018.09-SP1/lib/vlog/hypermods.v (2018-11-27 23:17:48)
17       /vol/synopsys/fpga/O-2018.09-SP1/lib/vlog/scemi_objects.v (2018-11-27 23:17:48)
18       /vol/synopsys/fpga/O-2018.09-SP1/lib/vlog/scemi_pipes.svh (2018-11-27 23:17:48)
19       /vol/synopsys/fpga/O-2018.09-SP1/lib/vlog/umr_capim.v (2018-08-08 02:43:25)

*******************************************************************
Unchanged modules: 0
MID:  lib.cell.view
