###########################################################[

Copyright (C) 1994-2018 Synopsys, Inc.
This Synopsys software and all associated documentation are proprietary to Synopsys, Inc.
and may only be used pursuant to the terms and conditions of a written license agreement
with Synopsys, Inc. All other use, reproduction, modification, or distribution of the
Synopsys software or the associated documentation is strictly prohibited.
Tool: Synplify (R) Premier
Build: O-2018.09-SP1
Install: /vol/synopsys/fpga/O-2018.09-SP1
OS: Red Hat Enterprise Linux 8.10 (Ootpa)
Hostname: finagle.wot.ece.northwestern.edu
max virtual memory: unlimited (bytes)
max user processes: 254205
max stack size: 8388608 (bytes)


Implementation : rev_1
Synopsys Verilog Compiler, Version comp2018q4p1, Build 004R, Built Nov 27 2018 21:19:49

@N|Running in 64-bit mode
@N: CG1349 :	| Running Verilog Compiler in System Verilog mode

@N: CG1350 :	| Running Verilog Compiler in Multiple File Compilation Unit mode

@I::"/vol/synopsys/fpga/O-2018.09-SP1/lib/altera/altera.v" (library work)
@I::"/vol/synopsys/fpga/O-2018.09-SP1/lib/altera/quartus_prime181/cycloneive.v" (library work)
@I::"/vol/synopsys/fpga/O-2018.09-SP1/lib/altera/quartus_prime181/altera_mf.v" (library work)
@N: CG334 :"/vol/synopsys/fpga/O-2018.09-SP1/lib/altera/quartus_prime181/altera_mf.v":53001:16:53001:28|Read directive translate_off.
@N: CG333 :"/vol/synopsys/fpga/O-2018.09-SP1/lib/altera/quartus_prime181/altera_mf.v":53051:16:53051:27|Read directive translate_on.
@N: CG334 :"/vol/synopsys/fpga/O-2018.09-SP1/lib/altera/quartus_prime181/altera_mf.v":53060:16:53060:28|Read directive translate_off.
@N: CG333 :"/vol/synopsys/fpga/O-2018.09-SP1/lib/altera/quartus_prime181/altera_mf.v":53074:16:53074:27|Read directive translate_on.
@N: CG334 :"/vol/synopsys/fpga/O-2018.09-SP1/lib/altera/quartus_prime181/altera_mf.v":53221:20:53221:32|Read directive translate_off.
@N: CG333 :"/vol/synopsys/fpga/O-2018.09-SP1/lib/altera/quartus_prime181/altera_mf.v":53226:20:53226:31|Read directive translate_on.
@N: CG334 :"/vol/synopsys/fpga/O-2018.09-SP1/lib/altera/quartus_prime181/altera_mf.v":53229:20:53229:32|Read directive translate_off.
@N: CG333 :"/vol/synopsys/fpga/O-2018.09-SP1/lib/altera/quartus_prime181/altera_mf.v":53232:20:53232:31|Read directive translate_on.
@N: CG334 :"/vol/synopsys/fpga/O-2018.09-SP1/lib/altera/quartus_prime181/altera_mf.v":53346:20:53346:32|Read directive translate_off.
@N: CG333 :"/vol/synopsys/fpga/O-2018.09-SP1/lib/altera/quartus_prime181/altera_mf.v":53351:20:53351:31|Read directive translate_on.
@N: CG334 :"/vol/synopsys/fpga/O-2018.09-SP1/lib/altera/quartus_prime181/altera_mf.v":53354:20:53354:32|Read directive translate_off.
@N: CG333 :"/vol/synopsys/fpga/O-2018.09-SP1/lib/altera/quartus_prime181/altera_mf.v":53357:20:53357:31|Read directive translate_on.
@N: CG334 :"/vol/synopsys/fpga/O-2018.09-SP1/lib/altera/quartus_prime181/altera_mf.v":53446:20:53446:32|Read directive translate_off.
@N: CG333 :"/vol/synopsys/fpga/O-2018.09-SP1/lib/altera/quartus_prime181/altera_mf.v":53451:20:53451:31|Read directive translate_on.
@N: CG334 :"/vol/synopsys/fpga/O-2018.09-SP1/lib/altera/quartus_prime181/altera_mf.v":53454:20:53454:32|Read directive translate_off.
@N: CG333 :"/vol/synopsys/fpga/O-2018.09-SP1/lib/altera/quartus_prime181/altera_mf.v":53457:20:53457:31|Read directive translate_on.
@N: CG334 :"/vol/synopsys/fpga/O-2018.09-SP1/lib/altera/quartus_prime181/altera_mf.v":53545:20:53545:32|Read directive translate_off.
@N: CG333 :"/vol/synopsys/fpga/O-2018.09-SP1/lib/altera/quartus_prime181/altera_mf.v":53550:20:53550:31|Read directive translate_on.
@N: CG334 :"/vol/synopsys/fpga/O-2018.09-SP1/lib/altera/quartus_prime181/altera_mf.v":53553:20:53553:32|Read directive translate_off.
@N: CG333 :"/vol/synopsys/fpga/O-2018.09-SP1/lib/altera/quartus_prime181/altera_mf.v":53556:20:53556:31|Read directive translate_on.
@N: CG334 :"/vol/synopsys/fpga/O-2018.09-SP1/lib/altera/quartus_prime181/altera_mf.v":53642:20:53642:32|Read directive translate_off.
@N: CG333 :"/vol/synopsys/fpga/O-2018.09-SP1/lib/altera/quartus_prime181/altera_mf.v":53647:20:53647:31|Read directive translate_on.
@N: CG334 :"/vol/synopsys/fpga/O-2018.09-SP1/lib/altera/quartus_prime181/altera_mf.v":53650:20:53650:32|Read directive translate_off.
@N: CG333 :"/vol/synopsys/fpga/O-2018.09-SP1/lib/altera/quartus_prime181/altera_mf.v":53653:20:53653:31|Read directive translate_on.
@N: CG334 :"/vol/synopsys/fpga/O-2018.09-SP1/lib/altera/quartus_prime181/altera_mf.v":53861:12:53861:24|Read directive translate_off.
@N: CG333 :"/vol/synopsys/fpga/O-2018.09-SP1/lib/altera/quartus_prime181/altera_mf.v":53875:12:53875:23|Read directive translate_on.
@N: CG334 :"/vol/synopsys/fpga/O-2018.09-SP1/lib/altera/quartus_prime181/altera_mf.v":54140:12:54140:24|Read directive translate_off.
@N: CG333 :"/vol/synopsys/fpga/O-2018.09-SP1/lib/altera/quartus_prime181/altera_mf.v":54154:12:54154:23|Read directive translate_on.
@I::"/vol/synopsys/fpga/O-2018.09-SP1/lib/altera/quartus_prime181/altera_lpm.v" (library work)
@I::"/vol/synopsys/fpga/O-2018.09-SP1/lib/altera/quartus_prime181/altera_primitives.v" (library work)
@I::"/vol/synopsys/fpga/O-2018.09-SP1/lib/vlog/hypermods.v" (library __hyper__lib__)
@I::"/vol/synopsys/fpga/O-2018.09-SP1/lib/vlog/umr_capim.v" (library snps_haps)
@I::"/vol/synopsys/fpga/O-2018.09-SP1/lib/synip/hcei/zceistubs.v" (library snps_haps)
@I::"/vol/synopsys/fpga/O-2018.09-SP1/lib/vlog/scemi_objects.v" (library snps_haps)
@I::"/vol/synopsys/fpga/O-2018.09-SP1/lib/vlog/scemi_pipes.svh" (library snps_haps)
@I::"/home/gel8580/CE387/HW/HW8/imp/sv/nn_pkg.sv" (library work)
@I::"/home/gel8580/CE387/HW/HW8/imp/sv/neuron.sv" (library work)
@I::"/home/gel8580/CE387/HW/HW8/imp/sv/layer.sv" (library work)
Verilog syntax check successful!
Selecting top level module layer
@N: Setting default value for parameter NUM_NEURONS to 10;
@N: Setting default value for parameter INPUT_SIZE to 10;
@N: Setting default value for parameter LAYER_ID to 1;
@N: Setting default value for parameter BIAS_FILE to "../source/layer1_biases.txt";
@N:: Applying property .distcompmodetop with value 1 on module layer in library work
@N:: Applying property .distcompnoprune with value 1 on module layer in library work
@N:: Applying property .noprune with value 1 on module layer in library work
@N:: Applying property .distcompnoprune with value 1 on module neuron in library work
@N:: Applying property .noprune with value 1 on module neuron in library work
@N: CG364 :"/home/gel8580/CE387/HW/HW8/imp/sv/nn_pkg.sv":4:8:4:13|Synthesizing module nn_pkg in library work.
Selecting top level module layer
@N: CG364 :"/home/gel8580/CE387/HW/HW8/imp/sv/layer.sv":14:7:14:11|Synthesizing module layer in library work.
Opening data file ../source/layer1_biases.txt from directory /home/gel8580/CE387/HW/HW8/imp/syn/../source
@W: CG532 :"/home/gel8580/CE387/HW/HW8/imp/sv/layer.sv":36:4:36:10|Within an initial block, only Verilog force statements and memory $readmemh/$readmemb initialization statements are recognized, and all other content is ignored.
@N: CG364 :"/home/gel8580/CE387/HW/HW8/imp/sv/neuron.sv":11:7:11:12|Synthesizing module neuron in library work.

	INPUT_SIZE=32'b00000000000000000000000000001010
	WEIGHT_FILE=288'b001011100010111000101111011100110110111101110101011100100110001101100101001011110110110001100001011110010110010101110010001100010101111101101110011001010111010101110010011011110110111000110000010111110111011101100101011010010110011101101000011101000111001100101110011101000111100001110100
   Generated name = neuron_10s_../source/layer1_neuron0_weights.txt_Z1
Opening data file ../source/layer1_neuron0_weights.txt from directory /home/gel8580/CE387/HW/HW8/imp/syn/../source
@W: CG532 :"/home/gel8580/CE387/HW/HW8/imp/sv/neuron.sv":30:4:30:10|Within an initial block, only Verilog force statements and memory $readmemh/$readmemb initialization statements are recognized, and all other content is ignored.
Running optimization stage 1 on neuron_10s_../source/layer1_neuron0_weights.txt_Z1 .......
@W: CL279 :"/home/gel8580/CE387/HW/HW8/imp/sv/neuron.sv":125:4:125:12|Pruning register bits 62 to 46 of product_reg[63:0]. If this is not the intended behavior, drive the inputs with valid values, or inputs from the top level.
@N: CG364 :"/home/gel8580/CE387/HW/HW8/imp/sv/neuron.sv":11:7:11:12|Synthesizing module neuron in library work.

	INPUT_SIZE=32'b00000000000000000000000000001010
	WEIGHT_FILE=288'b001011100010111000101111011100110110111101110101011100100110001101100101001011110110110001100001011110010110010101110010001100010101111101101110011001010111010101110010011011110110111000110001010111110111011101100101011010010110011101101000011101000111001100101110011101000111100001110100
   Generated name = neuron_10s_../source/layer1_neuron1_weights.txt_Z2
Opening data file ../source/layer1_neuron1_weights.txt from directory /home/gel8580/CE387/HW/HW8/imp/syn/../source
@W: CG532 :"/home/gel8580/CE387/HW/HW8/imp/sv/neuron.sv":30:4:30:10|Within an initial block, only Verilog force statements and memory $readmemh/$readmemb initialization statements are recognized, and all other content is ignored.
Running optimization stage 1 on neuron_10s_../source/layer1_neuron1_weights.txt_Z2 .......
@W: CL279 :"/home/gel8580/CE387/HW/HW8/imp/sv/neuron.sv":125:4:125:12|Pruning register bits 62 to 46 of product_reg[63:0]. If this is not the intended behavior, drive the inputs with valid values, or inputs from the top level.
@N: CG364 :"/home/gel8580/CE387/HW/HW8/imp/sv/neuron.sv":11:7:11:12|Synthesizing module neuron in library work.

	INPUT_SIZE=32'b00000000000000000000000000001010
	WEIGHT_FILE=288'b001011100010111000101111011100110110111101110101011100100110001101100101001011110110110001100001011110010110010101110010001100010101111101101110011001010111010101110010011011110110111000110010010111110111011101100101011010010110011101101000011101000111001100101110011101000111100001110100
   Generated name = neuron_10s_../source/layer1_neuron2_weights.txt_Z3
Opening data file ../source/layer1_neuron2_weights.txt from directory /home/gel8580/CE387/HW/HW8/imp/syn/../source
@W: CG532 :"/home/gel8580/CE387/HW/HW8/imp/sv/neuron.sv":30:4:30:10|Within an initial block, only Verilog force statements and memory $readmemh/$readmemb initialization statements are recognized, and all other content is ignored.
Running optimization stage 1 on neuron_10s_../source/layer1_neuron2_weights.txt_Z3 .......
@W: CL279 :"/home/gel8580/CE387/HW/HW8/imp/sv/neuron.sv":125:4:125:12|Pruning register bits 62 to 46 of product_reg[63:0]. If this is not the intended behavior, drive the inputs with valid values, or inputs from the top level.
@N: CG364 :"/home/gel8580/CE387/HW/HW8/imp/sv/neuron.sv":11:7:11:12|Synthesizing module neuron in library work.

	INPUT_SIZE=32'b00000000000000000000000000001010
	WEIGHT_FILE=288'b001011100010111000101111011100110110111101110101011100100110001101100101001011110110110001100001011110010110010101110010001100010101111101101110011001010111010101110010011011110110111000110011010111110111011101100101011010010110011101101000011101000111001100101110011101000111100001110100
   Generated name = neuron_10s_../source/layer1_neuron3_weights.txt_Z4
Opening data file ../source/layer1_neuron3_weights.txt from directory /home/gel8580/CE387/HW/HW8/imp/syn/../source
@W: CG532 :"/home/gel8580/CE387/HW/HW8/imp/sv/neuron.sv":30:4:30:10|Within an initial block, only Verilog force statements and memory $readmemh/$readmemb initialization statements are recognized, and all other content is ignored.
Running optimization stage 1 on neuron_10s_../source/layer1_neuron3_weights.txt_Z4 .......
@W: CL279 :"/home/gel8580/CE387/HW/HW8/imp/sv/neuron.sv":125:4:125:12|Pruning register bits 62 to 46 of product_reg[63:0]. If this is not the intended behavior, drive the inputs with valid values, or inputs from the top level.
@N: CG364 :"/home/gel8580/CE387/HW/HW8/imp/sv/neuron.sv":11:7:11:12|Synthesizing module neuron in library work.

	INPUT_SIZE=32'b00000000000000000000000000001010
	WEIGHT_FILE=288'b001011100010111000101111011100110110111101110101011100100110001101100101001011110110110001100001011110010110010101110010001100010101111101101110011001010111010101110010011011110110111000110100010111110111011101100101011010010110011101101000011101000111001100101110011101000111100001110100
   Generated name = neuron_10s_../source/layer1_neuron4_weights.txt_Z5
Opening data file ../source/layer1_neuron4_weights.txt from directory /home/gel8580/CE387/HW/HW8/imp/syn/../source
@W: CG532 :"/home/gel8580/CE387/HW/HW8/imp/sv/neuron.sv":30:4:30:10|Within an initial block, only Verilog force statements and memory $readmemh/$readmemb initialization statements are recognized, and all other content is ignored.
Running optimization stage 1 on neuron_10s_../source/layer1_neuron4_weights.txt_Z5 .......
@W: CL279 :"/home/gel8580/CE387/HW/HW8/imp/sv/neuron.sv":125:4:125:12|Pruning register bits 62 to 46 of product_reg[63:0]. If this is not the intended behavior, drive the inputs with valid values, or inputs from the top level.
@N: CG364 :"/home/gel8580/CE387/HW/HW8/imp/sv/neuron.sv":11:7:11:12|Synthesizing module neuron in library work.

	INPUT_SIZE=32'b00000000000000000000000000001010
	WEIGHT_FILE=288'b001011100010111000101111011100110110111101110101011100100110001101100101001011110110110001100001011110010110010101110010001100010101111101101110011001010111010101110010011011110110111000110101010111110111011101100101011010010110011101101000011101000111001100101110011101000111100001110100
   Generated name = neuron_10s_../source/layer1_neuron5_weights.txt_Z6
Opening data file ../source/layer1_neuron5_weights.txt from directory /home/gel8580/CE387/HW/HW8/imp/syn/../source
@W: CG532 :"/home/gel8580/CE387/HW/HW8/imp/sv/neuron.sv":30:4:30:10|Within an initial block, only Verilog force statements and memory $readmemh/$readmemb initialization statements are recognized, and all other content is ignored.
Running optimization stage 1 on neuron_10s_../source/layer1_neuron5_weights.txt_Z6 .......
@W: CL279 :"/home/gel8580/CE387/HW/HW8/imp/sv/neuron.sv":125:4:125:12|Pruning register bits 62 to 46 of product_reg[63:0]. If this is not the intended behavior, drive the inputs with valid values, or inputs from the top level.
@N: CG364 :"/home/gel8580/CE387/HW/HW8/imp/sv/neuron.sv":11:7:11:12|Synthesizing module neuron in library work.

	INPUT_SIZE=32'b00000000000000000000000000001010
	WEIGHT_FILE=288'b001011100010111000101111011100110110111101110101011100100110001101100101001011110110110001100001011110010110010101110010001100010101111101101110011001010111010101110010011011110110111000110110010111110111011101100101011010010110011101101000011101000111001100101110011101000111100001110100
   Generated name = neuron_10s_../source/layer1_neuron6_weights.txt_Z7
Opening data file ../source/layer1_neuron6_weights.txt from directory /home/gel8580/CE387/HW/HW8/imp/syn/../source
@W: CG532 :"/home/gel8580/CE387/HW/HW8/imp/sv/neuron.sv":30:4:30:10|Within an initial block, only Verilog force statements and memory $readmemh/$readmemb initialization statements are recognized, and all other content is ignored.
Running optimization stage 1 on neuron_10s_../source/layer1_neuron6_weights.txt_Z7 .......
@W: CL279 :"/home/gel8580/CE387/HW/HW8/imp/sv/neuron.sv":125:4:125:12|Pruning register bits 62 to 46 of product_reg[63:0]. If this is not the intended behavior, drive the inputs with valid values, or inputs from the top level.
@N: CG364 :"/home/gel8580/CE387/HW/HW8/imp/sv/neuron.sv":11:7:11:12|Synthesizing module neuron in library work.

	INPUT_SIZE=32'b00000000000000000000000000001010
	WEIGHT_FILE=288'b001011100010111000101111011100110110111101110101011100100110001101100101001011110110110001100001011110010110010101110010001100010101111101101110011001010111010101110010011011110110111000110111010111110111011101100101011010010110011101101000011101000111001100101110011101000111100001110100
   Generated name = neuron_10s_../source/layer1_neuron7_weights.txt_Z8
Opening data file ../source/layer1_neuron7_weights.txt from directory /home/gel8580/CE387/HW/HW8/imp/syn/../source
@W: CG532 :"/home/gel8580/CE387/HW/HW8/imp/sv/neuron.sv":30:4:30:10|Within an initial block, only Verilog force statements and memory $readmemh/$readmemb initialization statements are recognized, and all other content is ignored.
Running optimization stage 1 on neuron_10s_../source/layer1_neuron7_weights.txt_Z8 .......
@W: CL279 :"/home/gel8580/CE387/HW/HW8/imp/sv/neuron.sv":125:4:125:12|Pruning register bits 62 to 46 of product_reg[63:0]. If this is not the intended behavior, drive the inputs with valid values, or inputs from the top level.
@N: CG364 :"/home/gel8580/CE387/HW/HW8/imp/sv/neuron.sv":11:7:11:12|Synthesizing module neuron in library work.

	INPUT_SIZE=32'b00000000000000000000000000001010
	WEIGHT_FILE=288'b001011100010111000101111011100110110111101110101011100100110001101100101001011110110110001100001011110010110010101110010001100010101111101101110011001010111010101110010011011110110111000111000010111110111011101100101011010010110011101101000011101000111001100101110011101000111100001110100
   Generated name = neuron_10s_../source/layer1_neuron8_weights.txt_Z9
Opening data file ../source/layer1_neuron8_weights.txt from directory /home/gel8580/CE387/HW/HW8/imp/syn/../source
@W: CG532 :"/home/gel8580/CE387/HW/HW8/imp/sv/neuron.sv":30:4:30:10|Within an initial block, only Verilog force statements and memory $readmemh/$readmemb initialization statements are recognized, and all other content is ignored.
Running optimization stage 1 on neuron_10s_../source/layer1_neuron8_weights.txt_Z9 .......
@W: CL279 :"/home/gel8580/CE387/HW/HW8/imp/sv/neuron.sv":125:4:125:12|Pruning register bits 62 to 46 of product_reg[63:0]. If this is not the intended behavior, drive the inputs with valid values, or inputs from the top level.
@N: CG364 :"/home/gel8580/CE387/HW/HW8/imp/sv/neuron.sv":11:7:11:12|Synthesizing module neuron in library work.

	INPUT_SIZE=32'b00000000000000000000000000001010
	WEIGHT_FILE=288'b001011100010111000101111011100110110111101110101011100100110001101100101001011110110110001100001011110010110010101110010001100010101111101101110011001010111010101110010011011110110111000111001010111110111011101100101011010010110011101101000011101000111001100101110011101000111100001110100
   Generated name = neuron_10s_../source/layer1_neuron9_weights.txt_Z10
Opening data file ../source/layer1_neuron9_weights.txt from directory /home/gel8580/CE387/HW/HW8/imp/syn/../source
@W: CG532 :"/home/gel8580/CE387/HW/HW8/imp/sv/neuron.sv":30:4:30:10|Within an initial block, only Verilog force statements and memory $readmemh/$readmemb initialization statements are recognized, and all other content is ignored.
Running optimization stage 1 on neuron_10s_../source/layer1_neuron9_weights.txt_Z10 .......
@W: CL279 :"/home/gel8580/CE387/HW/HW8/imp/sv/neuron.sv":125:4:125:12|Pruning register bits 62 to 46 of product_reg[63:0]. If this is not the intended behavior, drive the inputs with valid values, or inputs from the top level.
Running optimization stage 1 on layer .......
Running optimization stage 2 on neuron_10s_../source/layer1_neuron9_weights.txt_Z10 .......
@W: CL279 :"/home/gel8580/CE387/HW/HW8/imp/sv/neuron.sv":125:4:125:12|Pruning register bits 31 to 18 of data_out_r[31:0]. If this is not the intended behavior, drive the inputs with valid values, or inputs from the top level.
Running optimization stage 2 on neuron_10s_../source/layer1_neuron8_weights.txt_Z9 .......
@W: CL279 :"/home/gel8580/CE387/HW/HW8/imp/sv/neuron.sv":125:4:125:12|Pruning register bits 31 to 18 of data_out_r[31:0]. If this is not the intended behavior, drive the inputs with valid values, or inputs from the top level.
Running optimization stage 2 on neuron_10s_../source/layer1_neuron7_weights.txt_Z8 .......
@W: CL279 :"/home/gel8580/CE387/HW/HW8/imp/sv/neuron.sv":125:4:125:12|Pruning register bits 31 to 18 of data_out_r[31:0]. If this is not the intended behavior, drive the inputs with valid values, or inputs from the top level.
Running optimization stage 2 on neuron_10s_../source/layer1_neuron6_weights.txt_Z7 .......
@W: CL279 :"/home/gel8580/CE387/HW/HW8/imp/sv/neuron.sv":125:4:125:12|Pruning register bits 31 to 18 of data_out_r[31:0]. If this is not the intended behavior, drive the inputs with valid values, or inputs from the top level.
Running optimization stage 2 on neuron_10s_../source/layer1_neuron5_weights.txt_Z6 .......
@W: CL279 :"/home/gel8580/CE387/HW/HW8/imp/sv/neuron.sv":125:4:125:12|Pruning register bits 31 to 18 of data_out_r[31:0]. If this is not the intended behavior, drive the inputs with valid values, or inputs from the top level.
Running optimization stage 2 on neuron_10s_../source/layer1_neuron4_weights.txt_Z5 .......
@W: CL279 :"/home/gel8580/CE387/HW/HW8/imp/sv/neuron.sv":125:4:125:12|Pruning register bits 31 to 18 of data_out_r[31:0]. If this is not the intended behavior, drive the inputs with valid values, or inputs from the top level.
Running optimization stage 2 on neuron_10s_../source/layer1_neuron3_weights.txt_Z4 .......
@W: CL279 :"/home/gel8580/CE387/HW/HW8/imp/sv/neuron.sv":125:4:125:12|Pruning register bits 31 to 18 of data_out_r[31:0]. If this is not the intended behavior, drive the inputs with valid values, or inputs from the top level.
Running optimization stage 2 on neuron_10s_../source/layer1_neuron2_weights.txt_Z3 .......
@W: CL279 :"/home/gel8580/CE387/HW/HW8/imp/sv/neuron.sv":125:4:125:12|Pruning register bits 31 to 18 of data_out_r[31:0]. If this is not the intended behavior, drive the inputs with valid values, or inputs from the top level.
Running optimization stage 2 on neuron_10s_../source/layer1_neuron1_weights.txt_Z2 .......
@W: CL279 :"/home/gel8580/CE387/HW/HW8/imp/sv/neuron.sv":125:4:125:12|Pruning register bits 31 to 18 of data_out_r[31:0]. If this is not the intended behavior, drive the inputs with valid values, or inputs from the top level.
Running optimization stage 2 on neuron_10s_../source/layer1_neuron0_weights.txt_Z1 .......
@W: CL279 :"/home/gel8580/CE387/HW/HW8/imp/sv/neuron.sv":125:4:125:12|Pruning register bits 31 to 18 of data_out_r[31:0]. If this is not the intended behavior, drive the inputs with valid values, or inputs from the top level.
Running optimization stage 2 on layer .......

For a summary of runtime and memory usage per design unit, please see file:
==========================================================
@L: /home/gel8580/CE387/HW/HW8/imp/syn/rev_1/synwork//distcomp/distcomp0/distcomp0.rt.csv

@END

At c_ver Exit (Real Time elapsed 0h:00m:00s; CPU Time elapsed 0h:00m:00s; Memory used current: 82MB peak: 84MB)

Process took 0h:00m:01s realtime, 0h:00m:01s cputime

Process completed successfully.
# Tue Mar  3 16:59:51 2026

###########################################################]
