/vol/synopsys/fpga/O-2018.09-SP1/bin/c_hdl  -osyn  /home/gel8580/CE387/HW/HW8/imp/syn/rev_1/synwork/nn_top_comp.srs  -top  nn_top  -hdllog  /home/gel8580/CE387/HW/HW8/imp/syn/rev_1/synlog/nn_top_compiler.srr  -encrypt  -mp  4  -prodtype  synplify_premier  -licensetype  synplifypremierdp  -distcompmode 1 -verification_mode 0  -verilog  -prodtype  synplify_premier  -verification_mode 0 -infer_seqShift -primux -fixsmult -dspmac -nram -divnmod -continue_on_error -nostructver   -I /home/gel8580/CE387/HW/HW8/imp/syn/  -I /vol/synopsys/fpga/O-2018.09-SP1/lib   -sysv  -devicelib  /vol/synopsys/fpga/O-2018.09-SP1/lib/altera/altera.v  -devicelib  /vol/synopsys/fpga/O-2018.09-SP1/lib/altera/quartus_prime181/cycloneive.v  -devicelib  /vol/synopsys/fpga/O-2018.09-SP1/lib/altera/quartus_prime181/altera_mf.v  -devicelib  /vol/synopsys/fpga/O-2018.09-SP1/lib/altera/quartus_prime181/altera_lpm.v  -devicelib  /vol/synopsys/fpga/O-2018.09-SP1/lib/altera/quartus_prime181/altera_primitives.v  -encrypt  -pro  -dmgen  /home/gel8580/CE387/HW/HW8/imp/syn/rev_1/dm  -auto_infer_blackbox 0 -proto -ui -fid2 -ram -sharing on -ll 2000 -autosm  -D_MULTIPLE_FILE_COMPILATION_UNIT_  -fast_synthesis 0  -lib work -fsysv /home/gel8580/CE387/HW/HW8/imp/sv/nn_pkg.sv -lib work -fsysv /home/gel8580/CE387/HW/HW8/imp/sv/fifo.sv -lib work -fsysv /home/gel8580/CE387/HW/HW8/imp/sv/neuron.sv -lib work -fsysv /home/gel8580/CE387/HW/HW8/imp/sv/layer.sv -lib work -fsysv /home/gel8580/CE387/HW/HW8/imp/sv/argmax.sv -lib work -fsysv /home/gel8580/CE387/HW/HW8/imp/sv/nn_top.sv  -jobname  "compiler" 
relcom:/vol/synopsys/fpga/O-2018.09-SP1/bin/c_hdl -osyn ../synwork/nn_top_comp.srs -top nn_top -hdllog ../synlog/nn_top_compiler.srr -encrypt -mp 4 -prodtype synplify_premier -licensetype synplifypremierdp -distcompmode 1 -verification_mode 0 -verilog -prodtype synplify_premier -verification_mode 0 -infer_seqShift -primux -fixsmult -dspmac -nram -divnmod -continue_on_error -nostructver -I ../../ -I /vol/synopsys/fpga/O-2018.09-SP1/lib -sysv -devicelib /vol/synopsys/fpga/O-2018.09-SP1/lib/altera/altera.v -devicelib /vol/synopsys/fpga/O-2018.09-SP1/lib/altera/quartus_prime181/cycloneive.v -devicelib /vol/synopsys/fpga/O-2018.09-SP1/lib/altera/quartus_prime181/altera_mf.v -devicelib /vol/synopsys/fpga/O-2018.09-SP1/lib/altera/quartus_prime181/altera_lpm.v -devicelib /vol/synopsys/fpga/O-2018.09-SP1/lib/altera/quartus_prime181/altera_primitives.v -encrypt -pro -dmgen ../dm -auto_infer_blackbox 0 -proto -ui -fid2 -ram -sharing on -ll 2000 -autosm -D_MULTIPLE_FILE_COMPILATION_UNIT_ -fast_synthesis 0 -lib work -fsysv ../../../sv/nn_pkg.sv -lib work -fsysv ../../../sv/fifo.sv -lib work -fsysv ../../../sv/neuron.sv -lib work -fsysv ../../../sv/layer.sv -lib work -fsysv ../../../sv/argmax.sv -lib work -fsysv ../../../sv/nn_top.sv -jobname "compiler"
rc:0 success:1 runtime:4
file:../synwork/nn_top_comp.srs|io:o|time:1772578792|size:144354|exec:0|csum:
file:../synlog/nn_top_compiler.srr|io:o|time:1772578792|size:30098|exec:0|csum:
file:/vol/synopsys/fpga/O-2018.09-SP1/lib/altera/altera.v|io:i|time:1543381811|size:761|exec:0|csum:530DBF8BEE396EFE8B33F0255371F1EA
file:/vol/synopsys/fpga/O-2018.09-SP1/lib/altera/quartus_prime181/cycloneive.v|io:i|time:1543381840|size:248626|exec:0|csum:B7FC851277DB49C2CA5F418047EB2E4F
file:/vol/synopsys/fpga/O-2018.09-SP1/lib/altera/quartus_prime181/altera_mf.v|io:i|time:1543381839|size:2618882|exec:0|csum:84794777C52804010B1D63698E285DB9
file:/vol/synopsys/fpga/O-2018.09-SP1/lib/altera/quartus_prime181/altera_lpm.v|io:i|time:1543381839|size:14867|exec:0|csum:01D82E1D5975CD832C9D765243E5182D
file:/vol/synopsys/fpga/O-2018.09-SP1/lib/altera/quartus_prime181/altera_primitives.v|io:i|time:1543381839|size:35286|exec:0|csum:C0AAD8CA21730C472D624582C058B929
file:./-fsysv|io:i|time:0|size:-1|exec:0|csum:
file:../../../sv/nn_pkg.sv|io:i|time:1772573393|size:1407|exec:0|csum:9C1A0CAE9782D376101E3E418796574E
file:./-fsysv|io:i|time:0|size:-1|exec:0|csum:
file:../../../sv/fifo.sv|io:i|time:1772573242|size:2357|exec:0|csum:0BD5D3C76FDF268CBB10E3B454B91EB5
file:./-fsysv|io:i|time:0|size:-1|exec:0|csum:
file:../../../sv/neuron.sv|io:i|time:1772576771|size:5921|exec:0|csum:F1397DF92FB4121776F8706072F1638B
file:./-fsysv|io:i|time:0|size:-1|exec:0|csum:
file:../../../sv/layer.sv|io:i|time:1772578760|size:9147|exec:0|csum:DAD09FB85A9EB59AACBE4321F05FBAB2
file:./-fsysv|io:i|time:0|size:-1|exec:0|csum:
file:../../../sv/argmax.sv|io:i|time:1772576003|size:3070|exec:0|csum:ECD142413EDCF60382DBAC485D253313
file:./-fsysv|io:i|time:0|size:-1|exec:0|csum:
file:../../../sv/nn_top.sv|io:i|time:1772578762|size:10267|exec:0|csum:D9C6672429F97941E7D69024BC39F84E
file:/vol/synopsys/fpga/O-2018.09-SP1/linux_a_64/c_hdl|io:i|time:1543382462|size:8760008|exec:1|csum:CF968C540087EF9F5288FFCDBF191EA5
file:/vol/synopsys/fpga/O-2018.09-SP1/bin/c_hdl|io:i|time:1543382354|size:367|exec:1|csum:E52A0D56112AD6C22F02B648B6F508CE
