/vol/synopsys/fpga/O-2018.09-SP1/bin/c_hdl  -osyn  /home/gel8580/CE387/Final_Project/FM_Radio/imp/syn/rev_1/synwork/fm_radio_comp.srs  -top  fm_radio_top  -hdllog  /home/gel8580/CE387/Final_Project/FM_Radio/imp/syn/rev_1/synlog/fm_radio_compiler.srr  -encrypt  -mp  4  -prodtype  synplify_premier  -licensetype  synplifypremierdp  -distcompmode 1 -verification_mode 0  -verilog  -prodtype  synplify_premier  -verification_mode 0 -infer_seqShift -primux -fixsmult -dspmac -nram -divnmod -continue_on_error -nostructver   -I /home/gel8580/CE387/Final_Project/FM_Radio/imp/syn/  -I /vol/synopsys/fpga/O-2018.09-SP1/lib   -sysv  -devicelib  /vol/synopsys/fpga/O-2018.09-SP1/lib/altera/altera.v  -devicelib  /vol/synopsys/fpga/O-2018.09-SP1/lib/altera/quartus_prime181/cycloneive.v  -devicelib  /vol/synopsys/fpga/O-2018.09-SP1/lib/altera/quartus_prime181/altera_mf.v  -devicelib  /vol/synopsys/fpga/O-2018.09-SP1/lib/altera/quartus_prime181/altera_lpm.v  -devicelib  /vol/synopsys/fpga/O-2018.09-SP1/lib/altera/quartus_prime181/altera_primitives.v  -encrypt  -pro  -dmgen  /home/gel8580/CE387/Final_Project/FM_Radio/imp/syn/rev_1/dm  -auto_infer_blackbox 0 -proto -ui -fid2 -ram -sharing on -ll 2000 -autosm  -D_MULTIPLE_FILE_COMPILATION_UNIT_  -fast_synthesis 0  -lib work -fsysv /home/gel8580/CE387/Final_Project/FM_Radio/imp/sv/fir_pkg.sv -lib work -fsysv /home/gel8580/CE387/Final_Project/FM_Radio/imp/sv/qarctan.sv -lib work -fsysv /home/gel8580/CE387/Final_Project/FM_Radio/imp/sv/fir.sv -lib work -fsysv /home/gel8580/CE387/Final_Project/FM_Radio/imp/sv/demodulate.sv -lib work -fsysv /home/gel8580/CE387/Final_Project/FM_Radio/imp/sv/multiply.sv -lib work -fsysv /home/gel8580/CE387/Final_Project/FM_Radio/imp/sv/deemphasis.sv -lib work -fsysv /home/gel8580/CE387/Final_Project/FM_Radio/imp/sv/gain.sv -lib work -fsysv /home/gel8580/CE387/Final_Project/FM_Radio/imp/sv/add_sub.sv -lib work -fsysv /home/gel8580/CE387/Final_Project/FM_Radio/imp/sv/fm_radio_top.sv  -jobname  "compiler" 
relcom:/vol/synopsys/fpga/O-2018.09-SP1/bin/c_hdl -osyn ../synwork/fm_radio_comp.srs -top fm_radio_top -hdllog ../synlog/fm_radio_compiler.srr -encrypt -mp 4 -prodtype synplify_premier -licensetype synplifypremierdp -distcompmode 1 -verification_mode 0 -verilog -prodtype synplify_premier -verification_mode 0 -infer_seqShift -primux -fixsmult -dspmac -nram -divnmod -continue_on_error -nostructver -I ../../ -I /vol/synopsys/fpga/O-2018.09-SP1/lib -sysv -devicelib /vol/synopsys/fpga/O-2018.09-SP1/lib/altera/altera.v -devicelib /vol/synopsys/fpga/O-2018.09-SP1/lib/altera/quartus_prime181/cycloneive.v -devicelib /vol/synopsys/fpga/O-2018.09-SP1/lib/altera/quartus_prime181/altera_mf.v -devicelib /vol/synopsys/fpga/O-2018.09-SP1/lib/altera/quartus_prime181/altera_lpm.v -devicelib /vol/synopsys/fpga/O-2018.09-SP1/lib/altera/quartus_prime181/altera_primitives.v -encrypt -pro -dmgen ../dm -auto_infer_blackbox 0 -proto -ui -fid2 -ram -sharing on -ll 2000 -autosm -D_MULTIPLE_FILE_COMPILATION_UNIT_ -fast_synthesis 0 -lib work -fsysv ../../../sv/fir_pkg.sv -lib work -fsysv ../../../sv/qarctan.sv -lib work -fsysv ../../../sv/fir.sv -lib work -fsysv ../../../sv/demodulate.sv -lib work -fsysv ../../../sv/multiply.sv -lib work -fsysv ../../../sv/deemphasis.sv -lib work -fsysv ../../../sv/gain.sv -lib work -fsysv ../../../sv/add_sub.sv -lib work -fsysv ../../../sv/fm_radio_top.sv -jobname "compiler"
rc:0 success:1 runtime:11
file:../synwork/fm_radio_comp.srs|io:o|time:1772515707|size:78104|exec:0|csum:
file:../synlog/fm_radio_compiler.srr|io:o|time:1772515707|size:14956|exec:0|csum:
file:/vol/synopsys/fpga/O-2018.09-SP1/lib/altera/altera.v|io:i|time:1543381811|size:761|exec:0|csum:530DBF8BEE396EFE8B33F0255371F1EA
file:/vol/synopsys/fpga/O-2018.09-SP1/lib/altera/quartus_prime181/cycloneive.v|io:i|time:1543381840|size:248626|exec:0|csum:B7FC851277DB49C2CA5F418047EB2E4F
file:/vol/synopsys/fpga/O-2018.09-SP1/lib/altera/quartus_prime181/altera_mf.v|io:i|time:1543381839|size:2618882|exec:0|csum:84794777C52804010B1D63698E285DB9
file:/vol/synopsys/fpga/O-2018.09-SP1/lib/altera/quartus_prime181/altera_lpm.v|io:i|time:1543381839|size:14867|exec:0|csum:01D82E1D5975CD832C9D765243E5182D
file:/vol/synopsys/fpga/O-2018.09-SP1/lib/altera/quartus_prime181/altera_primitives.v|io:i|time:1543381839|size:35286|exec:0|csum:C0AAD8CA21730C472D624582C058B929
file:./-fsysv|io:i|time:0|size:-1|exec:0|csum:
file:../../../sv/fir_pkg.sv|io:i|time:1772515613|size:5575|exec:0|csum:E8B4F68B660B786E34E399AC4770805E
file:./-fsysv|io:i|time:0|size:-1|exec:0|csum:
file:../../../sv/qarctan.sv|io:i|time:1772489596|size:1520|exec:0|csum:5D9BB1BDC646DC82B2EBA0B1688DBDEF
file:./-fsysv|io:i|time:0|size:-1|exec:0|csum:
file:../../../sv/fir.sv|io:i|time:1772515672|size:4414|exec:0|csum:EC83833A3214C3C49F16BD10054242F5
file:./-fsysv|io:i|time:0|size:-1|exec:0|csum:
file:../../../sv/demodulate.sv|io:i|time:1772514152|size:11231|exec:0|csum:B7502BE93568994F6307E6FE19B765DA
file:./-fsysv|io:i|time:0|size:-1|exec:0|csum:
file:../../../sv/multiply.sv|io:i|time:1772489594|size:1231|exec:0|csum:E38371EEA182AB767B275091C2CA7669
file:./-fsysv|io:i|time:0|size:-1|exec:0|csum:
file:../../../sv/deemphasis.sv|io:i|time:1772514481|size:3690|exec:0|csum:8F68A435F1CD4231671EE5CA5856C6C7
file:./-fsysv|io:i|time:0|size:-1|exec:0|csum:
file:../../../sv/gain.sv|io:i|time:1772489588|size:1276|exec:0|csum:A0DB380F91984A7D30983846DB5BED9E
file:./-fsysv|io:i|time:0|size:-1|exec:0|csum:
file:../../../sv/add_sub.sv|io:i|time:1772486938|size:1271|exec:0|csum:2B547B6CB428211F616033B39CCA2CC2
file:./-fsysv|io:i|time:0|size:-1|exec:0|csum:
file:../../../sv/fm_radio_top.sv|io:i|time:1772515674|size:11598|exec:0|csum:9D656EE1A91C77CF02C43E0B0B51CB0A
file:/vol/synopsys/fpga/O-2018.09-SP1/linux_a_64/c_hdl|io:i|time:1543382462|size:8760008|exec:1|csum:CF968C540087EF9F5288FFCDBF191EA5
file:/vol/synopsys/fpga/O-2018.09-SP1/bin/c_hdl|io:i|time:1543382354|size:367|exec:1|csum:E52A0D56112AD6C22F02B648B6F508CE
